<?xml version="1.0" encoding="UTF-8"?>
<!-- Generated by org.testng.reporters.JUnitReportReporter -->
<testsuite skipped="0" hostname="Subhojit" name="com.test.TestBase" tests="1" failures="0" timestamp="24 Apr 2020 20:10:56 GMT" time="13.355" errors="0">
  <testcase name="test01" time="13.355" classname="com.test.TestBase"/>
</testsuite> <!-- com.test.TestBase -->
