<?xml version="1.0" encoding="UTF-8"?>
<!-- Generated by org.testng.reporters.JUnitReportReporter -->
<testsuite skipped="0" hostname="Subhojit" name="com.test.TestHomePage" tests="3" failures="0" timestamp="25 Apr 2020 18:46:39 GMT" time="132.149" errors="0">
  <testcase name="testForPositiveResponse" time="45.600" classname="com.test.TestHomePage"/>
  <testcase name="testForNegativeResponse" time="41.753" classname="com.test.TestHomePage"/>
  <testcase name="testForIncorrectPass" time="44.796" classname="com.test.TestHomePage"/>
</testsuite> <!-- com.test.TestHomePage -->
